0 info it worked if it ends with ok
1 verbose cli [ 'E:\\Project\\node.exe',
1 verbose cli   'E:\\Project\\node_modules\\npm\\bin\\npm-cli.js',
1 verbose cli   'start' ]
2 info using npm@3.8.6
3 info using node@v6.0.0
4 verbose run-script [ 'prestart', 'start', 'poststart' ]
5 info lifecycle LHUCompanionWebServer@0.0.0~prestart: LHUCompanionWebServer@0.0.0
6 silly lifecycle LHUCompanionWebServer@0.0.0~prestart: no script for prestart, continuing
7 info lifecycle LHUCompanionWebServer@0.0.0~start: LHUCompanionWebServer@0.0.0
8 verbose lifecycle LHUCompanionWebServer@0.0.0~start: unsafe-perm in lifecycle true
9 verbose lifecycle LHUCompanionWebServer@0.0.0~start: PATH: E:\Project\node_modules\npm\bin\node-gyp-bin;E:\d\node_modules\.bin;E:\Project;C:\Users\xAEfl\AppData\Roaming\npm;E:\Project\;C:\Windows\system32;C:\Windows;C:\Windows\System32\Wbem;C:\Windows\System32\WindowsPowerShell\v1.0\;C:\Program Files (x86)\ATI Technologies\ATI.ACE\Core-Static;E:\Project\;E:\Programs\Git\cmd;C:\Users\xAEfl\AppData\Roaming\npm
10 verbose lifecycle LHUCompanionWebServer@0.0.0~start: CWD: E:\d
11 silly lifecycle LHUCompanionWebServer@0.0.0~start: Args: [ '/d /s /c', 'node ./bin/www' ]
12 silly lifecycle LHUCompanionWebServer@0.0.0~start: Returned: code: 1  signal: null
13 info lifecycle LHUCompanionWebServer@0.0.0~start: Failed to exec start script
14 verbose stack Error: LHUCompanionWebServer@0.0.0 start: `node ./bin/www`
14 verbose stack Exit status 1
14 verbose stack     at EventEmitter.<anonymous> (E:\Project\node_modules\npm\lib\utils\lifecycle.js:239:16)
14 verbose stack     at emitTwo (events.js:106:13)
14 verbose stack     at EventEmitter.emit (events.js:191:7)
14 verbose stack     at ChildProcess.<anonymous> (E:\Project\node_modules\npm\lib\utils\spawn.js:24:14)
14 verbose stack     at emitTwo (events.js:106:13)
14 verbose stack     at ChildProcess.emit (events.js:191:7)
14 verbose stack     at maybeClose (internal/child_process.js:850:16)
14 verbose stack     at Process.ChildProcess._handle.onexit (internal/child_process.js:215:5)
15 verbose pkgid LHUCompanionWebServer@0.0.0
16 verbose cwd E:\d
17 error Windows_NT 10.0.10586
18 error argv "E:\\Project\\node.exe" "E:\\Project\\node_modules\\npm\\bin\\npm-cli.js" "start"
19 error node v6.0.0
20 error npm  v3.8.6
21 error code ELIFECYCLE
22 error LHUCompanionWebServer@0.0.0 start: `node ./bin/www`
22 error Exit status 1
23 error Failed at the LHUCompanionWebServer@0.0.0 start script 'node ./bin/www'.
23 error Make sure you have the latest version of node.js and npm installed.
23 error If you do, this is most likely a problem with the LHUCompanionWebServer package,
23 error not with npm itself.
23 error Tell the author that this fails on your system:
23 error     node ./bin/www
23 error You can get information on how to open an issue for this project with:
23 error     npm bugs LHUCompanionWebServer
23 error Or if that isn't available, you can get their info via:
23 error     npm owner ls LHUCompanionWebServer
23 error There is likely additional logging output above.
24 verbose exit [ 1, true ]
